
> frontend@0.1.0 build
> vite build

[36mvite v6.4.1 [32mbuilding for production...[36m[39m
transforming...
[32m✓[39m 2832 modules transformed.
rendering chunks...
computing gzip size...
[2mbuild/[22m[32mindex.html                                [39m[1m[2m  0.98 kB[22m[1m[22m[2m │ gzip:   0.54 kB[22m
[2mbuild/[22m[32massets/logo-vPELgrxe.png                  [39m[1m[2m290.13 kB[22m[1m[22m
[2mbuild/[22m[35massets/index-BB0hWV_h.css                 [39m[1m[2m 52.96 kB[22m[1m[22m[2m │ gzip:   8.63 kB[22m
[2mbuild/[22m[36massets/logo-CYt1Ko_C.js                   [39m[1m[2m  0.05 kB[22m[1m[22m[2m │ gzip:   0.07 kB[22m
[2mbuild/[22m[36massets/clock-DECRn3w9.js                  [39m[1m[2m  0.34 kB[22m[1m[22m[2m │ gzip:   0.27 kB[22m
[2mbuild/[22m[36massets/arrow-left-C4y3MJvs.js             [39m[1m[2m  0.34 kB[22m[1m[22m[2m │ gzip:   0.27 kB[22m
[2mbuild/[22m[36massets/search-CPVM3MB5.js                 [39m[1m[2m  0.34 kB[22m[1m[22m[2m │ gzip:   0.27 kB[22m
[2mbuild/[22m[36massets/BackButton-BJxcIQgS.js             [39m[1m[2m  0.39 kB[22m[1m[22m[2m │ gzip:   0.29 kB[22m
[2mbuild/[22m[36massets/printer-NUCsdclA.js                [39m[1m[2m  0.49 kB[22m[1m[22m[2m │ gzip:   0.34 kB[22m
[2mbuild/[22m[36massets/BackupView-r4yo5Mge.js             [39m[1m[2m  1.36 kB[22m[1m[22m[2m │ gzip:   0.72 kB[22m
[2mbuild/[22m[36massets/StudentTimetable-DCYrp5C-.js       [39m[1m[2m  1.38 kB[22m[1m[22m[2m │ gzip:   0.71 kB[22m
[2mbuild/[22m[36massets/ResetPassword-q7t_WgIQ.js          [39m[1m[2m  1.69 kB[22m[1m[22m[2m │ gzip:   0.85 kB[22m
[2mbuild/[22m[36massets/TimetableView-CTgMNHEG.js          [39m[1m[2m  1.79 kB[22m[1m[22m[2m │ gzip:   0.77 kB[22m
[2mbuild/[22m[36massets/ParentProfile-DubEfVuU.js          [39m[1m[2m  1.79 kB[22m[1m[22m[2m │ gzip:   0.80 kB[22m
[2mbuild/[22m[36massets/ChangePassword-D0QMz1h_.js         [39m[1m[2m  1.80 kB[22m[1m[22m[2m │ gzip:   0.90 kB[22m
[2mbuild/[22m[36massets/NotificationsArchive-C7YsfOa5.js   [39m[1m[2m  2.19 kB[22m[1m[22m[2m │ gzip:   0.93 kB[22m
[2mbuild/[22m[36massets/BackupsByYear-VCIVVXkm.js          [39m[1m[2m  2.31 kB[22m[1m[22m[2m │ gzip:   0.95 kB[22m
[2mbuild/[22m[36massets/Parents-iA1o15UE.js                [39m[1m[2m  2.42 kB[22m[1m[22m[2m │ gzip:   1.12 kB[22m
[2mbuild/[22m[36massets/Teachers-Dx02QHdS.js               [39m[1m[2m  2.43 kB[22m[1m[22m[2m │ gzip:   1.12 kB[22m
[2mbuild/[22m[36massets/TeacherProfile-DVhvCQUU.js         [39m[1m[2m  2.53 kB[22m[1m[22m[2m │ gzip:   1.02 kB[22m
[2mbuild/[22m[36massets/ParentDashboard-DvNwPt0l.js        [39m[1m[2m  2.66 kB[22m[1m[22m[2m │ gzip:   1.10 kB[22m
[2mbuild/[22m[36massets/BackupManager-mUbbFVN3.js          [39m[1m[2m  2.72 kB[22m[1m[22m[2m │ gzip:   1.15 kB[22m
[2mbuild/[22m[36massets/Students-BbAEuylN.js               [39m[1m[2m  2.79 kB[22m[1m[22m[2m │ gzip:   1.21 kB[22m
[2mbuild/[22m[36massets/StudentProfile-D34DAffh.js         [39m[1m[2m  2.80 kB[22m[1m[22m[2m │ gzip:   1.12 kB[22m
[2mbuild/[22m[36massets/PublishControls-DtHd83i8.js        [39m[1m[2m  2.91 kB[22m[1m[22m[2m │ gzip:   1.08 kB[22m
[2mbuild/[22m[36massets/RegisterTeacher-frH0k-I4.js        [39m[1m[2m  3.29 kB[22m[1m[22m[2m │ gzip:   1.21 kB[22m
[2mbuild/[22m[36massets/RegisterParent-BvEO3ckE.js         [39m[1m[2m  3.46 kB[22m[1m[22m[2m │ gzip:   1.48 kB[22m
[2mbuild/[22m[36massets/StudentAttendance-BgqdxHrD.js      [39m[1m[2m  3.48 kB[22m[1m[22m[2m │ gzip:   1.36 kB[22m
[2mbuild/[22m[36massets/login-CtWwZ7cd.js                  [39m[1m[2m  3.68 kB[22m[1m[22m[2m │ gzip:   1.58 kB[22m
[2mbuild/[22m[36massets/ClassRecords-DbI6Isj7.js           [39m[1m[2m  3.86 kB[22m[1m[22m[2m │ gzip:   1.29 kB[22m
[2mbuild/[22m[36massets/AdminTimetableManager-DVnxd5lh.js  [39m[1m[2m  3.88 kB[22m[1m[22m[2m │ gzip:   1.31 kB[22m
[2mbuild/[22m[36massets/RegisterStudent-DL-Fn15x.js        [39m[1m[2m  4.04 kB[22m[1m[22m[2m │ gzip:   1.73 kB[22m
[2mbuild/[22m[36massets/MyProfile-B2yO5b9d.js              [39m[1m[2m  4.04 kB[22m[1m[22m[2m │ gzip:   1.57 kB[22m
[2mbuild/[22m[36massets/MyBackups-B4bFRwn6.js              [39m[1m[2m  4.24 kB[22m[1m[22m[2m │ gzip:   1.60 kB[22m
[2mbuild/[22m[36massets/SBAForm-CPobt2Hl.js                [39m[1m[2m  4.72 kB[22m[1m[22m[2m │ gzip:   1.44 kB[22m
[2mbuild/[22m[36massets/EditStudent-CVjzV4WJ.js            [39m[1m[2m  4.94 kB[22m[1m[22m[2m │ gzip:   1.44 kB[22m
[2mbuild/[22m[36massets/MidtermScoresPage-C7Hg2HDl.js      [39m[1m[2m  4.94 kB[22m[1m[22m[2m │ gzip:   2.00 kB[22m
[2mbuild/[22m[36massets/TeacherAttendance-DB2Gjpk0.js      [39m[1m[2m  5.09 kB[22m[1m[22m[2m │ gzip:   1.90 kB[22m
[2mbuild/[22m[36massets/StudentDashboard-DCbJwhHu.js       [39m[1m[2m  5.64 kB[22m[1m[22m[2m │ gzip:   2.12 kB[22m
[2mbuild/[22m[36massets/ClassRecordsIndex-D-3bUpYj.js      [39m[1m[2m  6.25 kB[22m[1m[22m[2m │ gzip:   2.24 kB[22m
[2mbuild/[22m[36massets/SendNotification-0lecK4M3.js       [39m[1m[2m  6.36 kB[22m[1m[22m[2m │ gzip:   2.14 kB[22m
[2mbuild/[22m[36massets/MyBackupView-BaI0dy3h.js           [39m[1m[2m  6.38 kB[22m[1m[22m[2m │ gzip:   2.34 kB[22m
[2mbuild/[22m[36massets/index-BSabsIQC.js                  [39m[1m[2m  7.00 kB[22m[1m[22m[2m │ gzip:   2.88 kB[22m
[2mbuild/[22m[36massets/ModernBackupManager-gGDhDCIr.js    [39m[1m[2m  7.68 kB[22m[1m[22m[2m │ gzip:   2.68 kB[22m
[2mbuild/[22m[36massets/StudentMidtermView-B83iKB9s.js     [39m[1m[2m  7.71 kB[22m[1m[22m[2m │ gzip:   2.87 kB[22m
[2mbuild/[22m[36massets/EnterScore-DN6gJSwh.js             [39m[1m[2m  7.95 kB[22m[1m[22m[2m │ gzip:   2.84 kB[22m
[2mbuild/[22m[36massets/MidtermScoresViewer-BPFcJCjz.js    [39m[1m[2m  7.98 kB[22m[1m[22m[2m │ gzip:   2.82 kB[22m
[2mbuild/[22m[36massets/StudentSBARecords-CKiIuIJe.js      [39m[1m[2m  8.21 kB[22m[1m[22m[2m │ gzip:   1.84 kB[22m
[2mbuild/[22m[36massets/Dashboard-DxsvMRgc.js              [39m[1m[2m  8.27 kB[22m[1m[22m[2m │ gzip:   2.75 kB[22m
[2mbuild/[22m[36massets/ProfileEditor-64hVdKHH.js          [39m[1m[2m  9.36 kB[22m[1m[22m[2m │ gzip:   2.80 kB[22m
[2mbuild/[22m[36massets/StudentMasterSheet-2oTZ0QII.js     [39m[1m[2m  9.63 kB[22m[1m[22m[2m │ gzip:   2.94 kB[22m
[2mbuild/[22m[36massets/ProfileEditorNew-DuQdmlQy.js       [39m[1m[2m 10.35 kB[22m[1m[22m[2m │ gzip:   2.03 kB[22m
[2mbuild/[22m[36massets/Reports-CiyjTEIf.js                [39m[1m[2m 10.57 kB[22m[1m[22m[2m │ gzip:   3.09 kB[22m
[2mbuild/[22m[36massets/SBARecordsBySubject-DdqAPdfP.js    [39m[1m[2m 10.57 kB[22m[1m[22m[2m │ gzip:   2.40 kB[22m
[2mbuild/[22m[36massets/ReportPage-p2M3qM8z.js             [39m[1m[2m 11.34 kB[22m[1m[22m[2m │ gzip:   2.76 kB[22m
[2mbuild/[22m[36massets/TeacherDashboard-Dh5eTeI6.js       [39m[1m[2m 15.95 kB[22m[1m[22m[2m │ gzip:   5.29 kB[22m
[2mbuild/[22m[36massets/StudentReport-DOObR3fp.js          [39m[1m[2m 18.90 kB[22m[1m[22m[2m │ gzip:   5.73 kB[22m
[2mbuild/[22m[36massets/StudentReportView-DNYx03TP.js      [39m[1m[2m376.98 kB[22m[1m[22m[2m │ gzip: 111.21 kB[22m
[2mbuild/[22m[36massets/index-32hGRvmV.js                  [39m[1m[33m876.91 kB[39m[22m[2m │ gzip: 240.15 kB[22m
[33m
(!) Some chunks are larger than 500 kB after minification. Consider:
- Using dynamic import() to code-split the application
- Use build.rollupOptions.output.manualChunks to improve chunking: https://rollupjs.org/configuration-options/#output-manualchunks
- Adjust chunk size limit for this warning via build.chunkSizeWarningLimit.[39m
[32m✓ built in 35.40s[39m
